[31merror[39m: Cannot read properties of undefined (reading '0') {"timestamp":"2023-12-08 01:25:10"}
[31merror[39m: Could not find car {"timestamp":"2023-12-08 01:25:10"}
[31merror[39m: Could not find car {"timestamp":"2023-12-08 01:52:41"}
[31merror[39m: Could not find car {"timestamp":"2023-12-08 02:50:06"}
[31merror[39m: Could not find car {"timestamp":"2023-12-08 03:04:01"}
[31merror[39m: Could not find car {"timestamp":"2023-12-08 03:05:31"}
[31merror[39m: Could not find car {"timestamp":"2023-12-08 18:40:08"}
[31merror[39m: Could not find car {"timestamp":"2023-12-08 18:41:37"}
[31merror[39m: Could not find car {"timestamp":"2023-12-08 18:42:01"}
[31merror[39m: Could not find car {"timestamp":"2023-12-08 19:09:45"}
[31merror[39m: Could not find car {"timestamp":"2023-12-08 19:12:46"}
[31merror[39m: Could not find car {"timestamp":"2023-12-08 19:39:46"}
[31merror[39m: (intermediate value).sort is not a function {"timestamp":"2023-12-08 19:40:04"}
[31merror[39m: (intermediate value).sort is not a function {"timestamp":"2023-12-08 19:40:32"}
[31merror[39m: (intermediate value).sort is not a function {"timestamp":"2023-12-08 19:40:35"}
[31merror[39m: Could not find car {"timestamp":"2023-12-08 20:08:57"}
[31merror[39m: Could not find car {"timestamp":"2023-12-08 20:17:53"}
[31merror[39m: Could not find car {"timestamp":"2023-12-08 20:19:59"}
[31merror[39m: Could not find car {"timestamp":"2023-12-08 20:21:25"}
[31merror[39m: Could not find car {"timestamp":"2023-12-08 20:25:45"}
[31merror[39m: Could not find car {"timestamp":"2023-12-08 20:25:50"}
[31merror[39m: Could not find car {"timestamp":"2023-12-08 20:26:02"}
[31merror[39m: Could not find car {"timestamp":"2023-12-08 20:30:38"}
[31merror[39m: Could not find car {"timestamp":"2023-12-08 20:31:32"}
[31merror[39m: Could not find car {"timestamp":"2023-12-08 20:41:04"}
[31merror[39m: Could not find car {"timestamp":"2023-12-08 20:41:24"}
[31merror[39m: Could not find car {"timestamp":"2023-12-09 00:37:46"}
[31merror[39m: Cannot read properties of undefined (reading '0') {"timestamp":"2023-12-09 00:52:49"}
[31merror[39m: Could not find car {"timestamp":"2023-12-09 00:52:49"}
[31merror[39m: Could not find car {"timestamp":"2023-12-09 01:02:42"}
[31merror[39m: Could not find car {"timestamp":"2023-12-09 01:02:58"}
[31merror[39m: Could not find car {"timestamp":"2023-12-09 01:18:38"}
[31merror[39m: Could not find car {"timestamp":"2023-12-09 01:19:34"}
[31merror[39m: Could not find car {"timestamp":"2023-12-09 01:21:48"}
[31merror[39m: Could not find car {"timestamp":"2023-12-09 01:35:14"}
[31merror[39m: Could not find car {"timestamp":"2023-12-09 01:40:06"}
[31merror[39m: Could not find car {"timestamp":"2023-12-09 01:41:14"}
[31merror[39m: Could not find car {"timestamp":"2023-12-09 01:46:57"}
[31merror[39m: Could not find car {"timestamp":"2023-12-09 02:48:48"}
[31merror[39m: Could not find car {"timestamp":"2023-12-09 03:09:12"}
[31merror[39m: Could not find car {"timestamp":"2023-12-09 03:13:04"}
[31merror[39m: Could not find car {"timestamp":"2023-12-09 03:14:28"}
[31merror[39m: Could not find car {"timestamp":"2023-12-09 03:26:54"}
[31merror[39m: Could not find car {"timestamp":"2023-12-09 03:27:47"}
[31merror[39m: Could not find car {"timestamp":"2023-12-09 03:39:40"}
[31merror[39m: Could not find car {"timestamp":"2023-12-09 03:40:52"}
[31merror[39m: Could not find car {"timestamp":"2023-12-09 03:42:49"}
[31merror[39m: Could not find car {"timestamp":"2023-12-09 03:43:34"}
[31merror[39m: Could not find car {"timestamp":"2023-12-09 03:44:38"}
[31merror[39m: Could not find car {"timestamp":"2023-12-09 03:47:39"}
[31merror[39m: Could not find car {"timestamp":"2023-12-09 03:49:06"}
[31merror[39m: Could not find car {"timestamp":"2023-12-09 03:50:35"}
[31merror[39m: Could not find car {"timestamp":"2023-12-09 03:55:03"}
[31merror[39m: Could not find car {"timestamp":"2023-12-09 03:55:40"}
[31merror[39m: Could not find car {"timestamp":"2023-12-09 03:56:00"}
[31merror[39m: Could not find car {"timestamp":"2023-12-09 03:57:01"}
[31merror[39m: Could not find car {"timestamp":"2023-12-09 04:01:46"}
[31merror[39m: Could not find car {"timestamp":"2023-12-09 04:05:58"}
[31merror[39m: Could not find car {"timestamp":"2023-12-09 04:11:37"}
[31merror[39m: Could not find car {"timestamp":"2023-12-09 04:12:40"}
[31merror[39m: Could not find car {"timestamp":"2023-12-09 04:20:27"}
[31merror[39m: Could not find car {"timestamp":"2023-12-09 05:14:35"}
[31merror[39m: Could not find car {"timestamp":"2023-12-09 05:15:36"}
[31merror[39m: Could not find car {"timestamp":"2023-12-09 05:16:19"}
[31merror[39m: Could not find car {"timestamp":"2023-12-09 05:16:41"}
[31merror[39m: Could not find car {"timestamp":"2023-12-09 05:18:45"}
[31merror[39m: Could not find car {"timestamp":"2023-12-09 05:19:27"}
[31merror[39m: Could not find car {"timestamp":"2023-12-09 05:37:28"}
[31merror[39m: Could not find car {"timestamp":"2023-12-09 05:48:47"}
[31merror[39m: Could not find car {"timestamp":"2023-12-09 06:23:39"}
[31merror[39m: Could not find car {"timestamp":"2023-12-09 06:25:17"}
[31merror[39m: Cannot read properties of undefined (reading '0') {"timestamp":"2023-12-09 06:39:30"}
[31merror[39m: Could not find car {"timestamp":"2023-12-09 06:39:30"}
[31merror[39m: Cannot read properties of undefined (reading '0') {"timestamp":"2023-12-09 06:43:10"}
[31merror[39m: Could not find car {"timestamp":"2023-12-09 06:43:10"}
[31merror[39m: Cannot read properties of undefined (reading '0') {"timestamp":"2023-12-09 06:43:36"}
[31merror[39m: Could not find car {"timestamp":"2023-12-09 06:43:36"}
[31merror[39m: Cannot read properties of undefined (reading '0') {"timestamp":"2023-12-09 06:46:15"}
[31merror[39m: Could not find car {"timestamp":"2023-12-09 06:46:15"}
[31merror[39m: Cannot read properties of undefined (reading '0') {"timestamp":"2023-12-09 06:50:04"}
[31merror[39m: Could not find car {"timestamp":"2023-12-09 06:50:04"}
[31merror[39m: Cannot read properties of undefined (reading '0') {"timestamp":"2023-12-09 06:50:15"}
[31merror[39m: Could not find car {"timestamp":"2023-12-09 06:50:15"}
[31merror[39m: Request failed with status code 400 {"timestamp":"2023-12-09 06:50:20"}
[31merror[39m: Could not find car {"timestamp":"2023-12-09 06:50:20"}
[31merror[39m: Could not find car {"timestamp":"2023-12-09 06:50:43"}
[31merror[39m: Could not find car {"timestamp":"2023-12-09 15:44:51"}
[31merror[39m: Could not find car {"timestamp":"2023-12-09 16:21:54"}
[31merror[39m: Could not find car {"timestamp":"2023-12-09 16:24:02"}
[31merror[39m: Cannot read properties of undefined (reading '0') {"timestamp":"2023-12-09 17:09:34"}
[31merror[39m: Cannot read properties of undefined (reading '0') {"timestamp":"2023-12-09 17:09:46"}
[31merror[39m: Could not find car {"timestamp":"2023-12-09 17:10:03"}
[31merror[39m: Could not find car {"timestamp":"2023-12-09 17:10:32"}
[31merror[39m: Could not find car {"timestamp":"2023-12-10 02:37:46"}
[31merror[39m: Could not find car {"timestamp":"2023-12-10 03:00:26"}
[31merror[39m: Could not find car {"timestamp":"2023-12-10 03:02:25"}
[31merror[39m: Could not find car {"timestamp":"2023-12-10 03:04:27"}
[31merror[39m: Could not find car {"timestamp":"2023-12-10 03:15:30"}
[31merror[39m: Could not find car {"timestamp":"2023-12-10 03:18:43"}
[31merror[39m: Could not find car {"timestamp":"2023-12-10 03:20:53"}
[31merror[39m: Could not find car {"timestamp":"2023-12-10 14:47:30"}
[31merror[39m: Could not find car {"timestamp":"2023-12-10 15:09:30"}
[31merror[39m: Could not find car {"timestamp":"2023-12-10 15:35:45"}
[31merror[39m: Request failed with status code 400 {"timestamp":"2023-12-10 15:54:25"}
[31merror[39m: Could not find car {"timestamp":"2023-12-10 15:54:36"}
[31merror[39m: Could not find car {"timestamp":"2023-12-10 16:45:43"}
[31merror[39m: Rule validation failed: policy_time: Path `policy_time` is required. {"timestamp":"2023-12-10 23:07:48"}
[31merror[39m: Could not find car {"timestamp":"2023-12-11 05:14:46"}
[31merror[39m: Could not find car {"timestamp":"2023-12-11 05:22:50"}
[31merror[39m: Cannot read properties of undefined (reading '0') {"timestamp":"2023-12-11 05:24:17"}
[31merror[39m: a is not defined {"timestamp":"2023-12-11 06:27:09"}
[31merror[39m: s is not defined {"timestamp":"2023-12-11 06:27:20"}
[31merror[39m: c is not defined {"timestamp":"2023-12-11 06:27:22"}
[31merror[39m: Cannot read properties of undefined (reading 'listeners') {"timestamp":"2023-12-11 06:30:23"}
[31merror[39m: Could not find car {"timestamp":"2023-12-11 16:08:52"}
[31merror[39m: Could not find car {"timestamp":"2023-12-11 18:36:06"}
[31merror[39m: Could not find car {"timestamp":"2023-12-11 18:38:45"}
[31merror[39m: Could not find car {"timestamp":"2023-12-11 18:39:06"}
[31merror[39m: Could not find car {"timestamp":"2023-12-11 18:45:24"}
[31merror[39m: Could not find car {"timestamp":"2023-12-11 18:47:34"}
[31merror[39m: Could not find car {"timestamp":"2023-12-11 18:54:57"}
[31merror[39m: Could not find car {"timestamp":"2023-12-11 19:05:34"}
[31merror[39m: No violation was found {"timestamp":"2023-12-12 07:04:04"}
[31merror[39m: No violation was found {"timestamp":"2023-12-12 07:04:48"}
[31merror[39m: No violation was found {"timestamp":"2023-12-12 07:12:04"}
[31merror[39m: Cannot populate path `registered_car_info/place` because it is not in your schema. Set the `strictPopulate` option to false to override. {"timestamp":"2023-12-12 16:40:56"}
[31merror[39m: No violation was found {"timestamp":"2023-12-12 16:48:56"}
[31merror[39m: No violation was found {"timestamp":"2023-12-12 16:49:26"}
[31merror[39m: No violation was found {"timestamp":"2023-12-12 16:50:15"}
[31merror[39m: Cannot read properties of undefined (reading '0') {"timestamp":"2023-12-14 12:40:58"}
[31merror[39m: Cannot read properties of undefined (reading '0') {"timestamp":"2023-12-14 13:18:13"}
[31merror[39m: Could not find car {"timestamp":"2023-12-14 13:18:37"}
[31merror[39m: No violation was found {"timestamp":"2023-12-14 13:18:37"}
[31merror[39m: Could not find car {"timestamp":"2023-12-14 13:19:08"}
[31merror[39m: No violation was found {"timestamp":"2023-12-14 13:19:08"}
[31merror[39m: Cannot read properties of undefined (reading '0') {"timestamp":"2023-12-14 13:19:16"}
[31merror[39m: Cannot read properties of undefined (reading 'nasjonaltGodkjenningsAr') {"timestamp":"2023-12-14 13:19:23"}
[31merror[39m: Cannot read properties of undefined (reading 'nasjonaltGodkjenningsAr') {"timestamp":"2023-12-14 13:21:33"}
[31merror[39m: Cannot read properties of undefined (reading 'nasjonaltGodkjenningsAr') {"timestamp":"2023-12-14 13:21:40"}
[31merror[39m: Autosys server error {"timestamp":"2023-12-14 13:21:46"}
[31merror[39m: Autosys server error {"timestamp":"2023-12-14 13:26:34"}
[31merror[39m: Autosys server error {"timestamp":"2023-12-14 13:26:39"}
[31merror[39m: Could not find car {"timestamp":"2023-12-14 13:26:52"}
[31merror[39m: No violation was found {"timestamp":"2023-12-14 13:26:52"}
[31merror[39m: Could not find car {"timestamp":"2023-12-14 13:32:38"}
[31merror[39m: No violation was found {"timestamp":"2023-12-14 13:32:38"}
[31merror[39m: Autosys server error {"timestamp":"2023-12-14 13:36:18"}
[31merror[39m: Autosys server error {"timestamp":"2023-12-14 13:36:24"}
[31merror[39m: Autosys server error {"timestamp":"2023-12-14 13:49:30"}
[31merror[39m: Could not find car {"timestamp":"2023-12-14 13:49:30"}
[31merror[39m: No violation was found {"timestamp":"2023-12-14 13:49:30"}
[31merror[39m: Autosys server error {"timestamp":"2023-12-14 13:59:59"}
[31merror[39m: Could not find car {"timestamp":"2023-12-14 13:59:59"}
[31merror[39m: No violation was found {"timestamp":"2023-12-14 13:59:59"}
[31merror[39m: result.status is not a function {"timestamp":"2023-12-14 14:35:51"}
[31merror[39m: Autosys server error {"timestamp":"2023-12-14 17:14:54"}
[31merror[39m: Could not find car {"timestamp":"2023-12-14 17:14:54"}
[31merror[39m: No violation was found {"timestamp":"2023-12-14 17:14:54"}
[31merror[39m: Cast to ObjectId failed for value "plate" (type string) at path "_id" for model "Car" {"timestamp":"2023-12-14 17:15:02"}
[31merror[39m: Cast to ObjectId failed for value "plate" (type string) at path "_id" for model "Violation" {"timestamp":"2023-12-14 17:15:02"}
[31merror[39m: Cast to ObjectId failed for value "plate" (type string) at path "_id" for model "Car" {"timestamp":"2023-12-14 17:19:33"}
[31merror[39m: Cast to ObjectId failed for value "plate" (type string) at path "_id" for model "Violation" {"timestamp":"2023-12-14 17:19:33"}
[31merror[39m: Cast to ObjectId failed for value "plate" (type string) at path "_id" for model "Car" {"timestamp":"2023-12-14 17:21:50"}
[31merror[39m: Cast to ObjectId failed for value "plate" (type string) at path "_id" for model "Violation" {"timestamp":"2023-12-14 17:21:50"}
[31merror[39m: Cast to ObjectId failed for value "plate" (type string) at path "_id" for model "Car" {"timestamp":"2023-12-14 17:37:58"}
[31merror[39m: Cast to ObjectId failed for value "plate" (type string) at path "_id" for model "Violation" {"timestamp":"2023-12-14 17:37:58"}
[31merror[39m: Cast to ObjectId failed for value "plate" (type string) at path "_id" for model "Car" {"timestamp":"2023-12-14 17:38:52"}
[31merror[39m: Cast to ObjectId failed for value "plate" (type string) at path "_id" for model "Violation" {"timestamp":"2023-12-14 17:38:52"}
[31merror[39m: Violation validation failed: plate_info.color: Path `plate_info.color` is required., plate_info.type: Path `plate_info.type` is required., plate_info.description: Path `plate_info.description` is required., plate_info.year: Path `plate_info.year` is required., plate_info.plate: Path `plate_info.plate` is required., plate_info.brand: Path `plate_info.brand` is required. {"timestamp":"2023-12-14 17:44:16"}
[31merror[39m: Cast to ObjectId failed for value "plate" (type string) at path "_id" for model "Car" {"timestamp":"2023-12-14 18:06:42"}
[31merror[39m: Cast to ObjectId failed for value "plate" (type string) at path "_id" for model "Violation" {"timestamp":"2023-12-14 18:06:42"}
[31merror[39m: Cast to ObjectId failed for value "plate" (type string) at path "_id" for model "Car" {"timestamp":"2023-12-14 18:35:29"}
[31merror[39m: Cast to ObjectId failed for value "plate" (type string) at path "_id" for model "Violation" {"timestamp":"2023-12-14 18:35:29"}
[31merror[39m: Cast to ObjectId failed for value "plate" (type string) at path "_id" for model "Car" {"timestamp":"2023-12-14 18:35:52"}
[31merror[39m: Cast to ObjectId failed for value "plate" (type string) at path "_id" for model "Violation" {"timestamp":"2023-12-14 18:35:52"}
[31merror[39m: Cast to ObjectId failed for value "plate" (type string) at path "_id" for model "Car" {"timestamp":"2023-12-14 22:08:57"}
[31merror[39m: Cast to ObjectId failed for value "plate" (type string) at path "_id" for model "Car" {"timestamp":"2023-12-14 22:56:56"}
[31merror[39m: Cast to ObjectId failed for value "plate" (type string) at path "_id" for model "Car" {"timestamp":"2023-12-14 23:15:37"}
[31merror[39m: Cast to ObjectId failed for value "plate" (type string) at path "_id" for model "Car" {"timestamp":"2023-12-14 23:18:31"}
[31merror[39m: Cast to ObjectId failed for value "plate" (type string) at path "_id" for model "Car" {"timestamp":"2023-12-14 23:19:59"}
[31merror[39m: Cast to ObjectId failed for value "plate" (type string) at path "_id" for model "Car" {"timestamp":"2023-12-14 23:22:36"}
[31merror[39m: Cast to ObjectId failed for value "plate" (type string) at path "_id" for model "Car" {"timestamp":"2023-12-14 23:38:10"}
[31merror[39m: Cast to ObjectId failed for value "plate" (type string) at path "_id" for model "Car" {"timestamp":"2023-12-15 01:47:43"}
[31merror[39m: Cast to ObjectId failed for value "plate" (type string) at path "_id" for model "Car" {"timestamp":"2023-12-15 02:06:39"}
[31merror[39m: Cast to ObjectId failed for value "plate" (type string) at path "_id" for model "Car" {"timestamp":"2023-12-15 02:10:11"}
[31merror[39m: Cast to ObjectId failed for value "plate" (type string) at path "_id" for model "Car" {"timestamp":"2023-12-15 02:11:28"}
[31merror[39m: Cast to ObjectId failed for value "plate" (type string) at path "_id" for model "Car" {"timestamp":"2023-12-15 04:51:25"}
[31merror[39m: Cast to ObjectId failed for value "plate" (type string) at path "_id" for model "Car" {"timestamp":"2023-12-15 05:32:31"}
[31merror[39m: Violation validation failed: rules.0: Cast to [ObjectId] failed for value "[\n' +
  '  {\n' +
  `    name: "2 - Lorem Ipsum is simply dummy text of the printing and typesetting industry. Lorem Ipsum has been the industry's standard dummy text ever since the 1500s, when an unknown printer took a galley of type and scrambled it to make a type specimen book. It has survived not only five centuries, but also the leap into electronic typesetting, remaining essentially unchanged. It was popularised in the 1960s with the release of Letraset sheets containing Lorem Ipsum passages, and more recently with desktop publishing software like Aldus PageMaker including versions of Lorem Ipsum.",\n` +
  '    charge: 100,\n' +
  '    id: null,\n' +
  '    time_policy: 30\n' +
  '  }\n' +
  ']" (type string) at path "rules.0" because of "CastError" {"timestamp":"2023-12-15 08:27:19"}
[31merror[39m: Violation validation failed: rules.0.policy_time: Path `policy_time` is required. {"timestamp":"2023-12-15 08:29:31"}
[31merror[39m: Cast to [undefined] failed for value "[ new ObjectId('657bf3020ae1a6c090d27922') ]" (type string) at path "rules.0" because of "TypeError" {"timestamp":"2023-12-15 08:32:34"}
[31merror[39m: No violation was found {"timestamp":"2023-12-15 08:37:02"}
[31merror[39m: Cast to ObjectId failed for value "plate" (type string) at path "_id" for model "Car" {"timestamp":"2023-12-15 09:48:31"}
[31merror[39m: Cast to ObjectId failed for value "plate" (type string) at path "_id" for model "Car" {"timestamp":"2023-12-15 10:01:11"}
[31merror[39m: Cast to ObjectId failed for value "plate" (type string) at path "_id" for model "Car" {"timestamp":"2023-12-15 10:01:59"}
[31merror[39m: Cast to ObjectId failed for value "plate" (type string) at path "_id" for model "Car" {"timestamp":"2023-12-15 10:03:43"}
[31merror[39m: Cast to ObjectId failed for value "plate" (type string) at path "_id" for model "Car" {"timestamp":"2023-12-15 10:04:04"}
[31merror[39m: this.splitPath is not a function {"timestamp":"2023-12-15 10:12:36"}
[31merror[39m: Class constructor ObjectId cannot be invoked without 'new' {"timestamp":"2023-12-15 10:12:56"}
[31merror[39m: No violation was found {"timestamp":"2023-12-15 10:58:09"}
[31merror[39m: Cast to ObjectId failed for value "plate" (type string) at path "_id" for model "Car" {"timestamp":"2023-12-15 18:46:44"}
[31merror[39m: Cast to ObjectId failed for value "plate" (type string) at path "_id" for model "Car" {"timestamp":"2023-12-15 18:49:22"}
[31merror[39m: No violation was found {"timestamp":"2023-12-15 18:55:17"}
[31merror[39m: Autosys server error {"timestamp":"2023-12-15 19:02:05"}
[31merror[39m: Could not find car {"timestamp":"2023-12-15 19:02:05"}
[31merror[39m: No violation was found {"timestamp":"2023-12-15 19:02:05"}
[31merror[39m: No violation was found {"timestamp":"2023-12-15 19:03:27"}
[31merror[39m: No violation was found {"timestamp":"2023-12-15 19:13:00"}
[31merror[39m: No violation was found {"timestamp":"2023-12-15 19:31:02"}
[31merror[39m: Cast to ObjectId failed for value "plate" (type string) at path "_id" for model "Car" {"timestamp":"2023-12-15 19:35:20"}
[31merror[39m: No violation was found {"timestamp":"2023-12-15 19:41:44"}
[31merror[39m: No violation was found {"timestamp":"2023-12-15 19:47:54"}
[31merror[39m: Cast to ObjectId failed for value "plate" (type string) at path "_id" for model "Car" {"timestamp":"2023-12-15 19:49:02"}
[31merror[39m: Cast to ObjectId failed for value "plate" (type string) at path "_id" for model "Car" {"timestamp":"2023-12-15 19:50:25"}
[31merror[39m: Cast to ObjectId failed for value "plate" (type string) at path "_id" for model "Car" {"timestamp":"2023-12-15 20:03:13"}
[31merror[39m: No violation was found {"timestamp":"2023-12-15 20:09:34"}
[31merror[39m: Cast to ObjectId failed for value "plate" (type string) at path "_id" for model "Car" {"timestamp":"2023-12-15 20:09:46"}
[31merror[39m: Cast to ObjectId failed for value "plate" (type string) at path "_id" for model "Car" {"timestamp":"2023-12-15 21:15:52"}
[31merror[39m: Cast to ObjectId failed for value "plate" (type string) at path "_id" for model "Car" {"timestamp":"2023-12-15 21:22:05"}
[31merror[39m: Cast to ObjectId failed for value "plate" (type string) at path "_id" for model "Car" {"timestamp":"2023-12-15 21:22:22"}
[31merror[39m: Cast to ObjectId failed for value "plate" (type string) at path "_id" for model "Car" {"timestamp":"2023-12-15 21:54:24"}
[31merror[39m: Cast to ObjectId failed for value "plate" (type string) at path "_id" for model "Car" {"timestamp":"2023-12-15 21:55:27"}
[31merror[39m: Cast to ObjectId failed for value "plate" (type string) at path "_id" for model "Car" {"timestamp":"2023-12-15 21:55:38"}
[31merror[39m: No violation was found {"timestamp":"2023-12-15 21:56:17"}
[31merror[39m: Cast to ObjectId failed for value "plate" (type string) at path "_id" for model "Car" {"timestamp":"2023-12-15 21:56:23"}
[31merror[39m: Cast to ObjectId failed for value "plate" (type string) at path "_id" for model "Car" {"timestamp":"2023-12-15 21:56:34"}
[31merror[39m: Cast to ObjectId failed for value "plate" (type string) at path "_id" for model "Car" {"timestamp":"2023-12-15 21:58:49"}
[31merror[39m: No violation was found {"timestamp":"2023-12-15 21:59:06"}
[31merror[39m: Cast to ObjectId failed for value "plate" (type string) at path "_id" for model "Car" {"timestamp":"2023-12-15 21:59:15"}
[31merror[39m: Cast to ObjectId failed for value "plate" (type string) at path "_id" for model "Car" {"timestamp":"2023-12-15 23:39:49"}
[31merror[39m: Cast to ObjectId failed for value "plate" (type string) at path "_id" for model "Car" {"timestamp":"2023-12-15 23:41:04"}
[31merror[39m: Cast to ObjectId failed for value "plate" (type string) at path "_id" for model "Car" {"timestamp":"2023-12-15 23:43:09"}
[31merror[39m: Cast to ObjectId failed for value "plate" (type string) at path "_id" for model "Car" {"timestamp":"2023-12-15 23:46:03"}
[31merror[39m: Cast to ObjectId failed for value "plate" (type string) at path "_id" for model "Car" {"timestamp":"2023-12-16 00:09:50"}
[31merror[39m: Cast to ObjectId failed for value "plate" (type string) at path "_id" for model "Car" {"timestamp":"2023-12-16 00:15:16"}
[31merror[39m: Cast to ObjectId failed for value "plate" (type string) at path "_id" for model "Car" {"timestamp":"2023-12-16 00:20:33"}
[31merror[39m: Cast to ObjectId failed for value "plate" (type string) at path "_id" for model "Car" {"timestamp":"2023-12-16 00:25:10"}
[31merror[39m: Cast to ObjectId failed for value "plate" (type string) at path "_id" for model "Car" {"timestamp":"2023-12-16 00:31:05"}
[31merror[39m: Cast to ObjectId failed for value "plate" (type string) at path "_id" for model "Car" {"timestamp":"2023-12-16 00:32:11"}
[31merror[39m: Cast to ObjectId failed for value "plate" (type string) at path "_id" for model "Car" {"timestamp":"2023-12-16 00:35:33"}
[31merror[39m: No violation was found {"timestamp":"2023-12-16 00:36:50"}
[31merror[39m: Cast to ObjectId failed for value "plate" (type string) at path "_id" for model "Car" {"timestamp":"2023-12-16 00:37:16"}
[31merror[39m: Cast to ObjectId failed for value "plate" (type string) at path "_id" for model "Car" {"timestamp":"2023-12-16 01:06:05"}
[31merror[39m: Cast to ObjectId failed for value "plate" (type string) at path "_id" for model "Car" {"timestamp":"2023-12-16 01:08:11"}
[31merror[39m: Cast to ObjectId failed for value "plate" (type string) at path "_id" for model "Car" {"timestamp":"2023-12-16 01:10:20"}
[31merror[39m: Cast to ObjectId failed for value "plate" (type string) at path "_id" for model "Car" {"timestamp":"2023-12-16 01:34:08"}
[31merror[39m: Cast to ObjectId failed for value "plate" (type string) at path "_id" for model "Car" {"timestamp":"2023-12-16 08:28:22"}
[31merror[39m: No violation was found {"timestamp":"2023-12-16 08:29:02"}
[31merror[39m: Cast to ObjectId failed for value "plate" (type string) at path "_id" for model "Car" {"timestamp":"2023-12-16 08:29:39"}
[31merror[39m: Cast to ObjectId failed for value "plate" (type string) at path "_id" for model "Car" {"timestamp":"2023-12-16 08:39:46"}
[31merror[39m: Cast to ObjectId failed for value "plate" (type string) at path "_id" for model "Car" {"timestamp":"2023-12-16 08:42:46"}
[31merror[39m: Cast to ObjectId failed for value "plate" (type string) at path "_id" for model "Car" {"timestamp":"2023-12-16 08:49:38"}
[31merror[39m: Cast to ObjectId failed for value "plate" (type string) at path "_id" for model "Car" {"timestamp":"2023-12-16 09:07:39"}
[31merror[39m: Cast to ObjectId failed for value "plate" (type string) at path "_id" for model "Car" {"timestamp":"2023-12-16 09:10:51"}
[31merror[39m: Cast to ObjectId failed for value "plate" (type string) at path "_id" for model "Car" {"timestamp":"2023-12-16 09:15:13"}
[31merror[39m: Cast to ObjectId failed for value "plate" (type string) at path "_id" for model "Car" {"timestamp":"2023-12-16 09:15:20"}
[31merror[39m: Cast to ObjectId failed for value "plate" (type string) at path "_id" for model "Car" {"timestamp":"2023-12-16 09:17:36"}
[31merror[39m: Cast to ObjectId failed for value "plate" (type string) at path "_id" for model "Car" {"timestamp":"2023-12-16 09:17:57"}
[31merror[39m: Cast to ObjectId failed for value "plate" (type string) at path "_id" for model "Car" {"timestamp":"2023-12-16 09:18:51"}
[31merror[39m: Cast to ObjectId failed for value "plate" (type string) at path "_id" for model "Car" {"timestamp":"2023-12-16 09:19:23"}
[31merror[39m: Cast to ObjectId failed for value "plate" (type string) at path "_id" for model "Car" {"timestamp":"2023-12-16 09:19:27"}
[31merror[39m: Cast to ObjectId failed for value "plate" (type string) at path "_id" for model "Car" {"timestamp":"2023-12-16 09:19:45"}
[31merror[39m: Cast to ObjectId failed for value "plate" (type string) at path "_id" for model "Car" {"timestamp":"2023-12-16 09:29:00"}
[31merror[39m: Cast to ObjectId failed for value "plate" (type string) at path "_id" for model "Car" {"timestamp":"2023-12-16 09:30:27"}
[31merror[39m: Cast to ObjectId failed for value "plate" (type string) at path "_id" for model "Car" {"timestamp":"2023-12-16 11:31:54"}
[31merror[39m: Violation validation failed: rules.0.policy_time: Path `policy_time` is required. {"timestamp":"2023-12-16 11:43:29"}
[31merror[39m: Cast to ObjectId failed for value "plate" (type string) at path "_id" for model "Car" {"timestamp":"2023-12-16 11:43:59"}
[31merror[39m: Violation validation failed: rules.0.policy_time: Path `policy_time` is required. {"timestamp":"2023-12-16 11:44:53"}
[31merror[39m: Cast to ObjectId failed for value "plate" (type string) at path "_id" for model "Car" {"timestamp":"2023-12-16 11:46:09"}
[31merror[39m: Violation validation failed: rules.0.policy_time: Path `policy_time` is required. {"timestamp":"2023-12-16 11:47:59"}
[31merror[39m: Cast to ObjectId failed for value "plate" (type string) at path "_id" for model "Car" {"timestamp":"2023-12-16 11:51:30"}
[31merror[39m: Cast to ObjectId failed for value "plate" (type string) at path "_id" for model "Car" {"timestamp":"2023-12-16 12:04:03"}
[31merror[39m: Cast to ObjectId failed for value "plate" (type string) at path "_id" for model "Car" {"timestamp":"2023-12-16 21:50:26"}
[31merror[39m: Cast to ObjectId failed for value "plate" (type string) at path "_id" for model "Car" {"timestamp":"2023-12-16 21:52:56"}
[31merror[39m: Cast to ObjectId failed for value "plate" (type string) at path "_id" for model "Car" {"timestamp":"2023-12-16 22:03:34"}
[31merror[39m: Cast to ObjectId failed for value "plate" (type string) at path "_id" for model "Car" {"timestamp":"2023-12-16 22:07:03"}
[31merror[39m: Cast to ObjectId failed for value "plate" (type string) at path "_id" for model "Car" {"timestamp":"2023-12-16 22:15:24"}
[31merror[39m: Cast to ObjectId failed for value "plate" (type string) at path "_id" for model "Car" {"timestamp":"2023-12-16 22:15:44"}
[31merror[39m: Cast to ObjectId failed for value "plate" (type string) at path "_id" for model "Car" {"timestamp":"2023-12-17 08:15:28"}
[31merror[39m: Cast to ObjectId failed for value "plate" (type string) at path "_id" for model "Car" {"timestamp":"2023-12-17 08:16:25"}
[31merror[39m: Cast to ObjectId failed for value "plate" (type string) at path "_id" for model "Car" {"timestamp":"2023-12-17 12:02:22"}
[31merror[39m: Cast to ObjectId failed for value "plate" (type string) at path "_id" for model "Car" {"timestamp":"2023-12-17 12:03:40"}
[31merror[39m: Cast to ObjectId failed for value "plate" (type string) at path "_id" for model "Car" {"timestamp":"2023-12-17 12:11:52"}
[31merror[39m: Cast to ObjectId failed for value "plate" (type string) at path "_id" for model "Car" {"timestamp":"2023-12-17 12:13:09"}
[31merror[39m: getaddrinfo ENOTFOUND www.vegvesen.no {"timestamp":"2023-12-17 16:55:18"}
[31merror[39m: getaddrinfo ENOTFOUND www.vegvesen.no {"timestamp":"2023-12-17 16:55:18"}
[31merror[39m: Could not find car {"timestamp":"2023-12-17 16:56:53"}
[31merror[39m: Violation validation failed: images: Cast to embedded failed for value "http://10.0.2.2:3000/public\\images\\cars\\2023-12-18_1702876793743_156868406.png" (type string) at path "images" because of "ObjectParameterError" {"timestamp":"2023-12-18 07:20:17"}
[31merror[39m: Cannot read properties of undefined (reading 'split') {"timestamp":"2023-12-18 07:28:38"}
[31merror[39m: Cannot read properties of undefined (reading 'split') {"timestamp":"2023-12-18 07:33:24"}
[31merror[39m: date is not defined {"timestamp":"2023-12-18 07:35:28"}
[31merror[39m: Autosys server error {"timestamp":"2023-12-18 07:43:20"}
[31merror[39m: Could not find car {"timestamp":"2023-12-18 07:43:20"}
[31merror[39m: pre_data.images is not iterable {"timestamp":"2023-12-18 07:43:46"}
[31merror[39m: Unexpected token u in JSON at position 0 {"timestamp":"2023-12-18 07:45:36"}
[31merror[39m: ENOENT: no such file or directory, open '../app_templates/violation.html' {"timestamp":"2023-12-21 16:44:25"}
[31merror[39m: Client network socket disconnected before secure TLS connection was established {"timestamp":"2023-12-23 16:56:36"}
[31merror[39m: Parse error on line 26:
...                {{/#each}}           
----------------------^
Expecting 'ID', 'STRING', 'NUMBER', 'BOOLEAN', 'UNDEFINED', 'NULL', 'DATA', got 'INVALID' {"timestamp":"2023-12-23 22:40:15"}
[31merror[39m: static_files_host is not defined {"timestamp":"2023-12-23 22:40:54"}
[31merror[39m: ENOENT: no such file or directory, open 'E:\workspace\sjekk_kontroll\sjekk_server\http:\10.0.2.2:3000\public\reports\Fde1C9xAXL_232023.12.23 22:41.pdf' {"timestamp":"2023-12-23 22:41:22"}
[31merror[39m: ENOENT: no such file or directory, open 'E:\public\reports\OwGH83Iwsq_232023.12.23 22:43.pdf' {"timestamp":"2023-12-23 22:43:21"}
[31merror[39m: ENOENT: no such file or directory, open 'E:\workspace\sjekk_kontroll\public\reports\h8hq7CpjeM_232023.12.23 22:43.pdf' {"timestamp":"2023-12-23 22:43:43"}
[31merror[39m: E:\workspace\sjekk_kontroll\sjekk_server\views\violations\read.ejs:70
    68|                                 </thead>
    69|                                 <tbody>
 >> 70|                                     <% users.forEach(user => { %>
    71|                                         <tr>
    72|                                             <td><%= user.name %></td>
    73|                                             <td><%= user.user_identifier %></td>

users is not defined {"timestamp":"2023-12-26 11:42:03"}
[31merror[39m: E:\workspace\sjekk_kontroll\sjekk_server\views\violations\read.ejs:68
    66|                                 </thead>
    67|                                 <tbody>
 >> 68|                                     <% violations.forEach(violation => { %>
    69|                                         <tr>
    70|                                             <td><%= violation.name %></td>
    71|                                             <td class="controls">

violations is not defined {"timestamp":"2023-12-26 11:57:24"}
[31merror[39m: Unexpected token ')' in E:\workspace\sjekk_kontroll\sjekk_server\views\violations\view_violation.ejs while compiling ejs

If the above error is not helpful, you may want to try EJS-Lint:
https://github.com/RyanZim/EJS-Lint
Or, if you meant to create an async function, pass `async: true` as an option. {"timestamp":"2023-12-26 12:05:18"}
[31merror[39m: E:\workspace\sjekk_kontroll\sjekk_server\views\violations\view_violation.ejs:32
    30| 
    31|                         <h3 class="title">KID number</h3>
 >> 32|                         <div><%= kid_number %></div>
    33|                     </div>
    34|                 </div>
    35|             </div>

kid_number is not defined {"timestamp":"2023-12-26 13:08:50"}
[31merror[39m: E:\workspace\sjekk_kontroll\sjekk_server\views\violations\view_violation.ejs:32
    30| 
    31|                         <h3 class="title">KID number</h3>
 >> 32|                         <div><%= kid_number %></div>
    33|                     </div>
    34|                 </div>
    35|             </div>

kid_number is not defined {"timestamp":"2023-12-26 13:08:51"}
[31merror[39m: E:\workspace\sjekk_kontroll\sjekk_server\views\violations\view_violation.ejs:32
    30| 
    31|                         <h3 class="title">KID number</h3>
 >> 32|                         <div><%= kid_number %></div>
    33|                     </div>
    34|                 </div>
    35|             </div>

kid_number is not defined {"timestamp":"2023-12-26 13:08:51"}
[31merror[39m: E:\workspace\sjekk_kontroll\sjekk_server\views\violations\view_violation.ejs:32
    30| 
    31|                         <h3 class="title">KID number</h3>
 >> 32|                         <div><%= kid_number %></div>
    33|                     </div>
    34|                 </div>
    35|             </div>

kid_number is not defined {"timestamp":"2023-12-26 13:09:01"}
[31merror[39m: E:\workspace\sjekk_kontroll\sjekk_server\views\violations\view_violation.ejs:32
    30| 
    31|                         <h3 class="title">KID number</h3>
 >> 32|                         <div><%= kid_number %></div>
    33|                     </div>
    34|                 </div>
    35|             </div>

kid_number is not defined {"timestamp":"2023-12-26 13:09:05"}
[31merror[39m: E:\workspace\sjekk_kontroll\sjekk_server\views\violations\view_violation.ejs:58
    56|                                 <div class="info-block">
    57|                                     <h3 class="title">Fra</h3>
 >> 58|                                     <div><%= from_date %></div>
    59|                                 </div>
    60|                             </div>
    61|                             <div class="col-lg-6">

from_date is not defined {"timestamp":"2023-12-26 13:22:54"}
[31merror[39m: E:\workspace\sjekk_kontroll\sjekk_server\views\violations\view_violation.ejs:58
    56|                                 <div class="info-block">
    57|                                     <h3 class="title">Fra</h3>
 >> 58|                                     <div><%= from_date %></div>
    59|                                 </div>
    60|                             </div>
    61|                             <div class="col-lg-6">

from_date is not defined {"timestamp":"2023-12-26 13:22:54"}
[31merror[39m: E:\workspace\sjekk_kontroll\sjekk_server\views\violations\view_violation.ejs:58
    56|                                 <div class="info-block">
    57|                                     <h3 class="title">Fra</h3>
 >> 58|                                     <div><%= from_date %></div>
    59|                                 </div>
    60|                             </div>
    61|                             <div class="col-lg-6">

from_date is not defined {"timestamp":"2023-12-26 13:22:54"}
[31merror[39m: Unexpected token ')' in E:\workspace\sjekk_kontroll\sjekk_server\views\violations\view_violation.ejs while compiling ejs

If the above error is not helpful, you may want to try EJS-Lint:
https://github.com/RyanZim/EJS-Lint
Or, if you meant to create an async function, pass `async: true` as an option. {"timestamp":"2023-12-26 13:42:23"}
[31merror[39m: Unexpected token ')' in E:\workspace\sjekk_kontroll\sjekk_server\views\violations\view_violation.ejs while compiling ejs

If the above error is not helpful, you may want to try EJS-Lint:
https://github.com/RyanZim/EJS-Lint
Or, if you meant to create an async function, pass `async: true` as an option. {"timestamp":"2023-12-26 13:42:24"}
[31merror[39m: Unexpected token ')' in E:\workspace\sjekk_kontroll\sjekk_server\views\violations\view_violation.ejs while compiling ejs

If the above error is not helpful, you may want to try EJS-Lint:
https://github.com/RyanZim/EJS-Lint
Or, if you meant to create an async function, pass `async: true` as an option. {"timestamp":"2023-12-26 13:42:28"}
[31merror[39m: undefined {"timestamp":"2023-12-26 16:02:12"}
[31merror[39m: undefined {"timestamp":"2023-12-26 16:03:12"}
[31merror[39m: undefined {"timestamp":"2023-12-26 16:05:21"}
[31merror[39m: ENOENT: no such file or directory, open 'E:\workspace\sjekk_kontroll\sjekk_server\public\images\temp_cars\1703595288803_117025211.png' {"timestamp":"2023-12-26 16:23:45"}
[31merror[39m: Violation validation failed: images.0.path: Path `path` is required., images.1.path: Path `path` is required., images.2.path: Path `path` is required. {"timestamp":"2023-12-26 16:24:36"}
[31merror[39m: Violation validation failed: images.0.path: Path `path` is required., images.1.path: Path `path` is required., images.2.path: Path `path` is required., images.3.path: Path `path` is required. {"timestamp":"2023-12-26 16:25:31"}
[31merror[39m: Violation validation failed: images.0.path: Path `path` is required., images.1.path: Path `path` is required., images.2.path: Path `path` is required., images.3.path: Path `path` is required., images.4.path: Path `path` is required. {"timestamp":"2023-12-26 16:26:36"}
[31merror[39m: Violation validation failed: images.0.path: Path `path` is required., images.1.path: Path `path` is required., images.2.path: Path `path` is required., images.3.path: Path `path` is required., images.4.path: Path `path` is required., images.5.path: Path `path` is required. {"timestamp":"2023-12-26 16:28:52"}
[31merror[39m: r.name.split(...)[1].join is not a function {"timestamp":"2023-12-26 21:35:54"}
[31merror[39m: r.name.split(...)[1].join is not a function {"timestamp":"2023-12-26 21:36:38"}
[31merror[39m: Navigation timeout of 30000 ms exceeded {"timestamp":"2023-12-27 12:36:24"}
[31merror[39m: Could not find car {"timestamp":"2023-12-27 12:38:46"}
[31merror[39m: Could not find car {"timestamp":"2023-12-27 12:40:53"}
[31merror[39m: getaddrinfo ENOTFOUND www.vegvesen.no {"timestamp":"2024-01-16 16:34:45"}
[31merror[39m: getaddrinfo ENOTFOUND www.vegvesen.no {"timestamp":"2024-01-16 16:35:33"}
[31merror[39m: Cannot read properties of null (reading 'user_identifier') {"timestamp":"2024-01-17 10:19:56"}
[31merror[39m: Violation validation failed: rules.0._id: Cast to ObjectId failed for value "1" (type string) at path "_id" because of "BSONError" {"timestamp":"2024-01-17 10:35:09"}
[31merror[39m: Please provide identifier and password {"timestamp":"2024-01-18 11:14:25"}
[31merror[39m: Please provide identifier and password {"timestamp":"2024-01-18 11:14:59"}
[31merror[39m: Please provide identifier and password {"timestamp":"2024-01-18 11:15:03"}
[31merror[39m: Rule validation failed: extras.meter_receipt_number: Tried to set nested object field `extras.$*` to primitive value `123`, extras.meter_number: Tried to set nested object field `extras.$*` to primitive value `456`, extras.expiry_date: Tried to set nested object field `extras.$*` to primitive value `1705657483066`, extras.paid_date: Tried to set nested object field `extras.$*` to primitive value `123` {"timestamp":"2024-01-19 11:44:43"}
[31merror[39m: Rule validation failed: extras.meter_receipt_number: Tried to set nested object field `extras.$*` to primitive value `123`, extras.meter_number: Tried to set nested object field `extras.$*` to primitive value `456`, extras.expiry_date: Tried to set nested object field `extras.$*` to primitive value `1705657500145`, extras.paid_date: Tried to set nested object field `extras.$*` to primitive value `now` {"timestamp":"2024-01-19 11:45:00"}
[31merror[39m: Rule validation failed: extras.meter_receipt_number: Cast to Boolean failed for value "123" (type string) at path "extras.meter_receipt_number" because of "CastError", extras.meter_number: Cast to Boolean failed for value "456" (type string) at path "extras.meter_number" because of "CastError", extras.expiry_date: Cast to Boolean failed for value "1705659105494" (type string) at path "extras.expiry_date" because of "CastError", extras.paid_date: Cast to Boolean failed for value "now" (type string) at path "extras.paid_date" because of "CastError" {"timestamp":"2024-01-19 12:11:45"}
[31merror[39m: getaddrinfo ENOTFOUND www.vegvesen.no {"timestamp":"2024-01-19 15:21:39"}
[31merror[39m: getaddrinfo EAI_AGAIN www.vegvesen.no {"timestamp":"2024-01-20 12:51:38"}
[31merror[39m: Cannot read properties of undefined (reading 'rules') {"timestamp":"2024-01-20 12:53:24"}
[31merror[39m: Cannot read properties of undefined (reading 'rules') {"timestamp":"2024-01-20 21:17:22"}
[31merror[39m: Cannot read properties of undefined (reading 'rules') {"timestamp":"2024-01-20 21:17:26"}
[31merror[39m: Cannot read properties of undefined (reading 'rules') {"timestamp":"2024-01-20 21:18:08"}
[31merror[39m: Cannot read properties of undefined (reading 'rules') {"timestamp":"2024-01-20 21:18:45"}
[31merror[39m: Cannot read properties of undefined (reading 'rules') {"timestamp":"2024-01-20 21:18:54"}
[31merror[39m: Cannot read properties of undefined (reading 'rules') {"timestamp":"2024-01-20 21:19:54"}
[31merror[39m: Cast to ObjectId failed for value "xc" (type string) at path "_id" for model "Place" {"timestamp":"2024-01-26 03:58:57"}
[31merror[39m: Cast to ObjectId failed for value "xc" (type string) at path "_id" for model "Place" {"timestamp":"2024-01-26 03:58:57"}
[31merror[39m: Rule validation failed: charge: Cast to Number failed for value "x" (type string) at path "charge", policy_time: Cast to Number failed for value "x" (type string) at path "policy_time" {"timestamp":"2024-01-26 19:26:51"}
[31merror[39m: Rule validation failed: charge: Cast to Number failed for value "x" (type string) at path "charge", policy_time: Cast to Number failed for value "x" (type string) at path "policy_time" {"timestamp":"2024-01-26 19:26:51"}
[31merror[39m: Rule validation failed: charge: Cast to Number failed for value "x" (type string) at path "charge", policy_time: Cast to Number failed for value "x" (type string) at path "policy_time" {"timestamp":"2024-01-26 19:27:22"}
[31merror[39m: Rule validation failed: charge: Cast to Number failed for value "x" (type string) at path "charge", policy_time: Cast to Number failed for value "x" (type string) at path "policy_time" {"timestamp":"2024-01-26 19:27:22"}
[31merror[39m: Rule validation failed: policy_time: Cast to Number failed for value "x" (type string) at path "policy_time" {"timestamp":"2024-01-26 19:28:06"}
[31merror[39m: Rule validation failed: policy_time: Cast to Number failed for value "x" (type string) at path "policy_time" {"timestamp":"2024-01-26 19:28:06"}
[31merror[39m: Autosys server error {"timestamp":"2024-01-27 01:22:12"}
[31merror[39m: Autosys server error {"timestamp":"2024-01-27 01:22:12"}
[31merror[39m: Request failed with status code 400 {"timestamp":"2024-01-27 02:05:13"}
[31merror[39m: Request failed with status code 400 {"timestamp":"2024-01-27 02:05:13"}
[31merror[39m: Please provide api token {"timestamp":"2024-01-27 02:59:06"}
[31merror[39m: Please provide api token {"timestamp":"2024-01-27 02:59:06"}
[31merror[39m: Please provide api token {"timestamp":"2024-01-27 02:59:36"}
[31merror[39m: Please provide api token {"timestamp":"2024-01-27 02:59:36"}
[31merror[39m: Please provide api token {"timestamp":"2024-01-27 16:23:05"}
[31merror[39m: Please provide api token {"timestamp":"2024-01-27 16:23:05"}
[31merror[39m: Please provide api token {"timestamp":"2024-01-27 16:23:09"}
[31merror[39m: Please provide api token {"timestamp":"2024-01-27 16:23:09"}
[31merror[39m: Please provide api token {"timestamp":"2024-01-27 16:23:14"}
[31merror[39m: Please provide api token {"timestamp":"2024-01-27 16:23:14"}
[31merror[39m: Please provide api token {"timestamp":"2024-01-27 16:23:17"}
[31merror[39m: Please provide api token {"timestamp":"2024-01-27 16:23:17"}
[31merror[39m: Please provide api token {"timestamp":"2024-01-27 16:23:18"}
[31merror[39m: Please provide api token {"timestamp":"2024-01-27 16:23:18"}
[31merror[39m: Please provide api token {"timestamp":"2024-01-27 16:23:19"}
[31merror[39m: Please provide api token {"timestamp":"2024-01-27 16:23:19"}
[31merror[39m: FORBIDDEN is not defined {"timestamp":"2024-01-28 05:10:54"}
[31merror[39m: FORBIDDEN is not defined {"timestamp":"2024-01-28 05:10:54"}
[31merror[39m: FORBIDDEN is not defined {"timestamp":"2024-01-28 05:10:54"}
[31merror[39m: FORBIDDEN is not defined {"timestamp":"2024-01-28 05:10:54"}
[31merror[39m: FORBIDDEN is not defined {"timestamp":"2024-01-28 05:10:57"}
[31merror[39m: FORBIDDEN is not defined {"timestamp":"2024-01-28 05:10:57"}
[31merror[39m: FORBIDDEN is not defined {"timestamp":"2024-01-28 05:10:57"}
[31merror[39m: FORBIDDEN is not defined {"timestamp":"2024-01-28 05:10:57"}
[31merror[39m: Please provide api token {"timestamp":"2024-01-28 05:11:19"}
[31merror[39m: Please provide api token {"timestamp":"2024-01-28 05:11:19"}
[31merror[39m: Please provide api token {"timestamp":"2024-01-28 05:11:39"}
[31merror[39m: Please provide api token {"timestamp":"2024-01-28 05:11:39"}
[31merror[39m: Please provide api token {"timestamp":"2024-01-28 05:11:41"}
[31merror[39m: Please provide api token {"timestamp":"2024-01-28 05:11:41"}
[31merror[39m: Please provide api token {"timestamp":"2024-01-28 05:11:43"}
[31merror[39m: Please provide api token {"timestamp":"2024-01-28 05:11:43"}
[31merror[39m: Please provide api token {"timestamp":"2024-01-28 05:11:49"}
[31merror[39m: Please provide api token {"timestamp":"2024-01-28 05:11:49"}
[31merror[39m: Please provide api token {"timestamp":"2024-01-28 05:12:04"}
[31merror[39m: Please provide api token {"timestamp":"2024-01-28 05:12:12"}
[31merror[39m: Please provide api token {"timestamp":"2024-01-28 05:12:28"}
[31merror[39m: Please provide api token {"timestamp":"2024-01-28 05:12:28"}
[31merror[39m: Please provide api token {"timestamp":"2024-01-28 05:12:54"}
[31merror[39m: Please provide api token {"timestamp":"2024-01-28 05:12:54"}
[31merror[39m: Please provide api token {"timestamp":"2024-01-28 05:12:57"}
[31merror[39m: Please provide api token {"timestamp":"2024-01-28 05:12:57"}
[31merror[39m: Please provide api token {"timestamp":"2024-01-28 05:13:30"}
[31merror[39m: Please provide api token {"timestamp":"2024-01-28 05:13:30"}
[31merror[39m: Please provide api token {"timestamp":"2024-01-28 05:13:35"}
[31merror[39m: Please provide api token {"timestamp":"2024-01-28 05:13:35"}
[31merror[39m: Please provide api token {"timestamp":"2024-01-28 05:13:38"}
[31merror[39m: Please provide api token {"timestamp":"2024-01-28 05:13:38"}
[31merror[39m: Please provide api token {"timestamp":"2024-01-28 05:13:49"}
[31merror[39m: Please provide api token {"timestamp":"2024-01-28 05:13:49"}
[31merror[39m: Please provide api token {"timestamp":"2024-01-28 05:13:54"}
[31merror[39m: Please provide api token {"timestamp":"2024-01-28 05:13:54"}
[31merror[39m: Please provide api token {"timestamp":"2024-01-28 05:14:00"}
[31merror[39m: Please provide api token {"timestamp":"2024-01-28 05:14:00"}
[31merror[39m: Please provide api token {"timestamp":"2024-01-28 05:14:14"}
[31merror[39m: Please provide api token {"timestamp":"2024-01-28 05:14:14"}
[31merror[39m: Please provide api token {"timestamp":"2024-01-28 05:14:19"}
[31merror[39m: Please provide api token {"timestamp":"2024-01-28 05:14:19"}
[31merror[39m: Please provide api token {"timestamp":"2024-01-28 05:14:28"}
[31merror[39m: Please provide api token {"timestamp":"2024-01-28 05:14:28"}
[31merror[39m: Please provide api token {"timestamp":"2024-01-28 05:15:03"}
[31merror[39m: Please provide api token {"timestamp":"2024-01-28 05:15:03"}
[31merror[39m: Please provide api token {"timestamp":"2024-01-28 05:15:22"}
[31merror[39m: Please provide api token {"timestamp":"2024-01-28 05:15:25"}
[31merror[39m: Please provide api token {"timestamp":"2024-01-28 05:15:35"}
[31merror[39m: Please provide api token {"timestamp":"2024-01-28 05:15:42"}
[31merror[39m: Please provide api token {"timestamp":"2024-01-28 05:17:14"}
[31merror[39m: Please provide api token {"timestamp":"2024-01-28 05:17:32"}
[31merror[39m: Please provide api token {"timestamp":"2024-01-28 05:17:39"}
[31merror[39m: Please provide api token {"timestamp":"2024-01-28 05:20:35"}
[31merror[39m: Please provide api token {"timestamp":"2024-01-28 05:21:55"}
[31merror[39m: Please provide api token {"timestamp":"2024-01-28 05:22:19"}
[31merror[39m: Please provide api token {"timestamp":"2024-01-28 05:23:52"}
[31merror[39m: Please provide api token {"timestamp":"2024-01-28 05:25:07"}
[31merror[39m: result is not defined {"timestamp":"2024-02-06 08:15:26"}
[31merror[39m: result is not defined {"timestamp":"2024-02-06 08:15:26"}
[31merror[39m: PlaceProfile validation failed: updated_at: Path `updated_at` is required., created_at: Path `created_at` is required. {"timestamp":"2024-02-06 08:16:57"}
[31merror[39m: PlaceProfile validation failed: updated_at: Path `updated_at` is required., created_at: Path `created_at` is required. {"timestamp":"2024-02-06 08:16:57"}
[31merror[39m: Cast to ObjectId failed for value ":client" (type string) at path "_id" for model "PlaceProfile" {"timestamp":"2024-02-06 10:49:04"}
[31merror[39m: Cast to ObjectId failed for value ":client" (type string) at path "_id" for model "PlaceProfile" {"timestamp":"2024-02-06 10:49:04"}
[31merror[39m: Request failed with status code 400 {"timestamp":"2024-02-06 11:55:19"}
[31merror[39m: Request failed with status code 400 {"timestamp":"2024-02-06 11:55:19"}
[31merror[39m: Request failed with status code 400 {"timestamp":"2024-02-06 12:03:06"}
[31merror[39m: Request failed with status code 400 {"timestamp":"2024-02-06 12:03:06"}
[31merror[39m: Request failed with status code 400 {"timestamp":"2024-02-06 12:03:39"}
[31merror[39m: Request failed with status code 400 {"timestamp":"2024-02-06 12:03:39"}
[31merror[39m: getaddrinfo ENOTFOUND www.vegvesen.no {"timestamp":"2024-02-06 12:07:25"}
[31merror[39m: getaddrinfo ENOTFOUND www.vegvesen.no {"timestamp":"2024-02-06 12:07:25"}
[31merror[39m: getaddrinfo ENOTFOUND www.vegvesen.no {"timestamp":"2024-02-06 12:07:51"}
[31merror[39m: getaddrinfo ENOTFOUND www.vegvesen.no {"timestamp":"2024-02-06 12:07:51"}
[31merror[39m: Car validation failed: plate_number: Path `plate_number` is required., registeration_source: Path `registeration_source` is required. {"timestamp":"2024-02-07 14:17:32"}
[31merror[39m: Car validation failed: plate_number: Path `plate_number` is required., registeration_source: Path `registeration_source` is required. {"timestamp":"2024-02-07 14:17:32"}
[31merror[39m: Car validation failed: registeration_source: Path `registeration_source` is required. {"timestamp":"2024-02-07 14:18:50"}
[31merror[39m: Car validation failed: registeration_source: Path `registeration_source` is required. {"timestamp":"2024-02-07 14:18:50"}
[31merror[39m: Car validation failed: registeration_source: Path `registeration_source` is required. {"timestamp":"2024-02-07 14:19:28"}
[31merror[39m: Car validation failed: registeration_source: Path `registeration_source` is required. {"timestamp":"2024-02-07 14:19:28"}
[31merror[39m: car is not defined {"timestamp":"2024-02-07 21:47:55"}
[31merror[39m: car is not defined {"timestamp":"2024-02-07 21:47:55"}
[31merror[39m: Schema hasn't been registered for model "ParkingProvider".
Use mongoose.model(name, schema) {"timestamp":"2024-02-08 00:27:00"}
[31merror[39m: Schema hasn't been registered for model "ParkingProvider".
Use mongoose.model(name, schema) {"timestamp":"2024-02-08 00:27:00"}
[31merror[39m: Schema hasn't been registered for model "ParkingProvider".
Use mongoose.model(name, schema) {"timestamp":"2024-02-08 00:27:04"}
[31merror[39m: Schema hasn't been registered for model "ParkingProvider".
Use mongoose.model(name, schema) {"timestamp":"2024-02-08 00:27:04"}
[31merror[39m: Schema hasn't been registered for model "ParkingProvider".
Use mongoose.model(name, schema) {"timestamp":"2024-02-08 00:28:56"}
[31merror[39m: Schema hasn't been registered for model "ParkingProvider".
Use mongoose.model(name, schema) {"timestamp":"2024-02-08 00:28:56"}
[31merror[39m: Access code is incorrect {"timestamp":"2024-02-09 11:35:57"}
[31merror[39m: Access code is incorrect {"timestamp":"2024-02-09 11:35:57"}
[31merror[39m: Access code is incorrect {"timestamp":"2024-02-09 11:41:36"}
[31merror[39m: Access code is incorrect {"timestamp":"2024-02-09 11:41:36"}
[31merror[39m: Access code is incorrect {"timestamp":"2024-02-09 11:42:08"}
[31merror[39m: Access code is incorrect {"timestamp":"2024-02-09 11:42:08"}
[31merror[39m: Access code is incorrect {"timestamp":"2024-02-11 15:23:06"}
[31merror[39m: Access code is incorrect {"timestamp":"2024-02-11 15:23:06"}
[31merror[39m: Car is already registered {"timestamp":"2024-02-15 04:54:46"}
[31merror[39m: Car is already registered {"timestamp":"2024-02-15 04:54:46"}
[31merror[39m: Car is already registered {"timestamp":"2024-02-15 05:00:09"}
[31merror[39m: Car is already registered {"timestamp":"2024-02-15 05:00:09"}
[31merror[39m: Car is already registered {"timestamp":"2024-02-15 05:00:24"}
[31merror[39m: Car is already registered {"timestamp":"2024-02-15 05:00:24"}
[31merror[39m: Car is already registered {"timestamp":"2024-02-15 05:08:53"}
[31merror[39m: Car is already registered {"timestamp":"2024-02-15 05:08:53"}
[31merror[39m: Car is already registered {"timestamp":"2024-02-15 05:09:17"}
[31merror[39m: Car is already registered {"timestamp":"2024-02-15 05:09:17"}
[31merror[39m: Car is already registered {"timestamp":"2024-02-15 05:10:11"}
[31merror[39m: Car is already registered {"timestamp":"2024-02-15 05:10:11"}
[31merror[39m: CarLogModel is not defined {"timestamp":"2024-02-15 05:14:39"}
[31merror[39m: CarLogModel is not defined {"timestamp":"2024-02-15 05:14:39"}
[31merror[39m: CarLog validation failed: registeration_data.gateway: Path `registeration_data.gateway` is required. {"timestamp":"2024-02-15 05:15:06"}
[31merror[39m: CarLog validation failed: registeration_data.gateway: Path `registeration_data.gateway` is required. {"timestamp":"2024-02-15 05:15:06"}
[31merror[39m: Access code is incorrect {"timestamp":"2024-02-15 05:30:05"}
[31merror[39m: Access code is incorrect {"timestamp":"2024-02-15 05:30:05"}
[31merror[39m: Access code is incorrect {"timestamp":"2024-02-15 05:30:51"}
[31merror[39m: Access code is incorrect {"timestamp":"2024-02-15 05:30:51"}
[31merror[39m: Access code not provided {"timestamp":"2024-02-15 05:31:20"}
[31merror[39m: Access code not provided {"timestamp":"2024-02-15 05:31:46"}
[31merror[39m: Access code is incorrect {"timestamp":"2024-02-15 05:32:05"}
[31merror[39m: Access code is incorrect {"timestamp":"2024-02-15 05:32:05"}
[31merror[39m: jwt is not defined {"timestamp":"2024-02-15 05:32:55"}
[31merror[39m: jwt is not defined {"timestamp":"2024-02-15 05:32:55"}
[31merror[39m: jwt_secret_key is not defined {"timestamp":"2024-02-15 05:33:23"}
[31merror[39m: jwt_secret_key is not defined {"timestamp":"2024-02-15 05:33:23"}
[31merror[39m: Cast to ObjectId failed for value "null" (type string) at path "_id" for model "PlaceProfile" {"timestamp":"2024-02-15 05:41:05"}
[31merror[39m: Cast to ObjectId failed for value "null" (type string) at path "_id" for model "PlaceProfile" {"timestamp":"2024-02-15 05:41:05"}
[31merror[39m: Access code is incorrect {"timestamp":"2024-02-15 05:42:15"}
[31merror[39m: Access code is incorrect {"timestamp":"2024-02-15 05:42:15"}
[31merror[39m: Access code is incorrect {"timestamp":"2024-02-15 05:43:21"}
[31merror[39m: Access code is incorrect {"timestamp":"2024-02-15 05:43:21"}
[31merror[39m: Cast to ObjectId failed for value "undefined" (type string) at path "partner" for model "Place" {"timestamp":"2024-02-15 06:01:44"}
[31merror[39m: Cast to ObjectId failed for value "undefined" (type string) at path "partner" for model "Place" {"timestamp":"2024-02-15 06:01:44"}
[31merror[39m: Cast to ObjectId failed for value "undefined" (type string) at path "partner" for model "Place" {"timestamp":"2024-02-15 06:01:56"}
[31merror[39m: Cast to ObjectId failed for value "undefined" (type string) at path "partner" for model "Place" {"timestamp":"2024-02-15 06:01:56"}
[31merror[39m: Access code is incorrect {"timestamp":"2024-02-15 06:36:34"}
[31merror[39m: Access code is incorrect {"timestamp":"2024-02-15 06:36:34"}
[31merror[39m: Car is already registered {"timestamp":"2024-02-15 06:38:00"}
[31merror[39m: Car is already registered {"timestamp":"2024-02-15 06:38:00"}
[31merror[39m: logs is not iterable {"timestamp":"2024-02-15 07:19:38"}
[31merror[39m: logs is not iterable {"timestamp":"2024-02-15 07:19:38"}
[31merror[39m: data is not defined {"timestamp":"2024-02-15 07:19:58"}
[31merror[39m: data is not defined {"timestamp":"2024-02-15 07:19:58"}
[31merror[39m: data is not defined {"timestamp":"2024-02-15 07:20:14"}
[31merror[39m: data is not defined {"timestamp":"2024-02-15 07:20:14"}
[31merror[39m: fs is not defined {"timestamp":"2024-02-15 07:22:08"}
[31merror[39m: fs is not defined {"timestamp":"2024-02-15 07:22:08"}
[31merror[39m: Handlebars is not defined {"timestamp":"2024-02-15 07:22:26"}
[31merror[39m: Handlebars is not defined {"timestamp":"2024-02-15 07:22:26"}
[31merror[39m: compiledViolationTemplate is not defined {"timestamp":"2024-02-15 07:23:02"}
[31merror[39m: compiledViolationTemplate is not defined {"timestamp":"2024-02-15 07:23:02"}
[31merror[39m: path is not defined {"timestamp":"2024-02-15 07:23:16"}
[31merror[39m: path is not defined {"timestamp":"2024-02-15 07:23:16"}
[31merror[39m: ENOENT: no such file or directory, open 'E:\workspace\projects\sjekk_kontroll\sjekk_server\public\car_log_reports\0.5778222907593731.png' {"timestamp":"2024-02-15 07:34:28"}
[31merror[39m: ENOENT: no such file or directory, open 'E:\workspace\projects\sjekk_kontroll\sjekk_server\public\car_log_reports\0.5778222907593731.png' {"timestamp":"2024-02-15 07:34:28"}
[31merror[39m: ENOENT: no such file or directory, open 'E:\workspace\projects\sjekk_kontroll\sjekk_server\public\car_log_reports\0.5790703834016164.png' {"timestamp":"2024-02-15 07:34:47"}
[31merror[39m: ENOENT: no such file or directory, open 'E:\workspace\projects\sjekk_kontroll\sjekk_server\public\car_log_reports\0.5790703834016164.png' {"timestamp":"2024-02-15 07:34:47"}
[31merror[39m: Navigation timeout of 30000 ms exceeded {"timestamp":"2024-02-15 07:39:37"}
[31merror[39m: Navigation timeout of 30000 ms exceeded {"timestamp":"2024-02-15 07:39:37"}
[31merror[39m: waitTillHTMLRendered is not defined {"timestamp":"2024-02-15 08:22:15"}
[31merror[39m: waitTillHTMLRendered is not defined {"timestamp":"2024-02-15 08:22:15"}
[31merror[39m: Cannot read properties of undefined (reading 'startsWith') {"timestamp":"2024-02-15 18:59:56"}
[31merror[39m: Cannot read properties of undefined (reading 'startsWith') {"timestamp":"2024-02-15 18:59:56"}
[31merror[39m: Cannot read properties of undefined (reading 'startsWith') {"timestamp":"2024-02-15 19:02:22"}
[31merror[39m: Cannot read properties of undefined (reading 'startsWith') {"timestamp":"2024-02-15 19:02:22"}
[31merror[39m: PartnerPlaceCreationRequest validation failed: place_creation_details.code: Path `place_creation_details.code` is required., place_creation_details.policy: Path `place_creation_details.policy` is required., place_creation_details.location: Path `place_creation_details.location` is required., requested_by: Path `requested_by` is required. {"timestamp":"2024-02-19 17:12:37"}
[31merror[39m: PartnerPlaceCreationRequest validation failed: place_creation_details.code: Path `place_creation_details.code` is required., place_creation_details.policy: Path `place_creation_details.policy` is required., place_creation_details.location: Path `place_creation_details.location` is required., requested_by: Path `requested_by` is required. {"timestamp":"2024-02-19 17:12:37"}
[31merror[39m: Car validation failed: registeration_source: Path `registeration_source` is required. {"timestamp":"2024-02-19 17:48:34"}
[31merror[39m: Car validation failed: registeration_source: Path `registeration_source` is required. {"timestamp":"2024-02-19 17:48:34"}
[31merror[39m: PartnerPlaceDeletionRequest validation failed: requested_place_id: Path `requested_place_id` is required. {"timestamp":"2024-02-21 11:23:36"}
[31merror[39m: PartnerPlaceDeletionRequest validation failed: requested_place_id: Path `requested_place_id` is required. {"timestamp":"2024-02-21 11:23:36"}
[31merror[39m: PartnerPlaceDeletionRequest validation failed: requested_place_id: Path `requested_place_id` is required. {"timestamp":"2024-02-21 11:24:34"}
[31merror[39m: PartnerPlaceDeletionRequest validation failed: requested_place_id: Path `requested_place_id` is required. {"timestamp":"2024-02-21 11:24:34"}
[31merror[39m: Request Not Found {"timestamp":"2024-02-21 13:03:10"}
[31merror[39m: Request Not Found {"timestamp":"2024-02-21 13:03:10"}
[31merror[39m: Image is required {"timestamp":"2024-04-07 00:49:00"}
[31merror[39m: Image is required {"timestamp":"2024-04-07 00:49:58"}
[31merror[39m: Image is required {"timestamp":"2024-04-07 00:50:40"}
[31merror[39m: Image is required {"timestamp":"2024-04-07 00:51:37"}
[31merror[39m: E11000 duplicate key error collection: zainlak.categories index: nameAr_1 dup key: { nameAr: null } {"timestamp":"2024-04-07 00:53:06"}
[31merror[39m: E11000 duplicate key error collection: zainlak.categories index: nameAr_1 dup key: { nameAr: null } {"timestamp":"2024-04-07 00:53:06"}
[31merror[39m: User 'ali@gmail.com' does not exist {"timestamp":"2024-04-09 00:24:42"}
[31merror[39m: User 'ali@gmail.com' does not exist {"timestamp":"2024-04-09 00:24:42"}
[31merror[39m: Auth.comparePassword is not a function {"timestamp":"2024-04-09 00:24:54"}
[31merror[39m: Auth.comparePassword is not a function {"timestamp":"2024-04-09 00:24:54"}
[31merror[39m: Invalid Password {"timestamp":"2024-04-09 00:25:48"}
[31merror[39m: Invalid Password {"timestamp":"2024-04-09 00:25:48"}
[31merror[39m: EmailRepository.sendOtpResetCode is not a function {"timestamp":"2024-04-09 02:20:26"}
[31merror[39m: EmailRepository.sendOtpResetCode is not a function {"timestamp":"2024-04-09 02:20:26"}
[31merror[39m: OK is not defined {"timestamp":"2024-04-09 02:21:38"}
[31merror[39m: OK is not defined {"timestamp":"2024-04-09 02:21:38"}
[31merror[39m: User with 'alitarek999444@gmail.com' does not exist {"timestamp":"2024-04-09 02:44:29"}
[31merror[39m: User with 'alitarek999444@gmail.com' does not exist {"timestamp":"2024-04-09 02:44:29"}
[31merror[39m: User with 'alitarek999444@gmail.com' does not exist {"timestamp":"2024-04-09 02:44:31"}
[31merror[39m: User with 'alitarek999444@gmail.com' does not exist {"timestamp":"2024-04-09 02:44:31"}
[31merror[39m: User with email 'alitarek999444@gmail.com' does not exist {"timestamp":"2024-04-09 02:44:43"}
[31merror[39m: User with email 'alitarek999444@gmail.com' does not exist {"timestamp":"2024-04-09 02:44:43"}
[31merror[39m: Invalid reset code {"timestamp":"2024-04-09 02:46:50"}
[31merror[39m: Invalid reset code {"timestamp":"2024-04-09 02:46:50"}
[31merror[39m: moment is not defined {"timestamp":"2024-04-09 16:12:42"}
[31merror[39m: moment is not defined {"timestamp":"2024-04-09 16:12:42"}
[31merror[39m: Auth is not defined {"timestamp":"2024-04-09 16:13:09"}
[31merror[39m: Auth is not defined {"timestamp":"2024-04-09 16:13:09"}
[31merror[39m: Cast to ObjectId failed for value "undefined" (type string) at path "_id" for model "Technician" {"timestamp":"2024-04-09 17:23:59"}
[31merror[39m: Cast to ObjectId failed for value "undefined" (type string) at path "_id" for model "Technician" {"timestamp":"2024-04-09 17:23:59"}
[31merror[39m: User with email 'alitarek99944@gmail.com' does not exist {"timestamp":"2024-04-10 01:04:06"}
[31merror[39m: User with email 'alitarek99944@gmail.com' does not exist {"timestamp":"2024-04-10 01:04:06"}
[31merror[39m: User with email 'alitarek99944@gmail.com' does not exist {"timestamp":"2024-04-10 01:05:03"}
[31merror[39m: User with email 'alitarek99944@gmail.com' does not exist {"timestamp":"2024-04-10 01:05:03"}
[31merror[39m: User with email 'alitarek9994d4@gmail.com' does not exist {"timestamp":"2024-04-10 01:07:39"}
[31merror[39m: User with email 'alitarek9994d4@gmail.com' does not exist {"timestamp":"2024-04-10 01:07:39"}
[31merror[39m: User with email 'alitarek9994d4@gmail.com' does not exist {"timestamp":"2024-04-10 01:07:54"}
[31merror[39m: User with email 'alitarek9994d4@gmail.com' does not exist {"timestamp":"2024-04-10 01:07:54"}
[31merror[39m: User with email 'alitarek9994d4@gmail.com' does not exist {"timestamp":"2024-04-10 01:09:11"}
[31merror[39m: User with email 'alitarek9994d4@gmail.com' does not exist {"timestamp":"2024-04-10 01:09:11"}
[31merror[39m: User with email 'alitarek9994d4@gmail.com' does not exist {"timestamp":"2024-04-10 01:11:28"}
[31merror[39m: User with email 'alitarek9994d4@gmail.com' does not exist {"timestamp":"2024-04-10 01:11:28"}
[31merror[39m: User with email 'alitarek9994d4@gmail.com' does not exist {"timestamp":"2024-04-10 01:11:34"}
[31merror[39m: User with email 'alitarek9994d4@gmail.com' does not exist {"timestamp":"2024-04-10 01:11:34"}
[31merror[39m: Invalid reset code {"timestamp":"2024-04-10 01:23:58"}
[31merror[39m: Invalid reset code {"timestamp":"2024-04-10 01:23:58"}
[31merror[39m: Invalid reset code {"timestamp":"2024-04-10 01:24:11"}
[31merror[39m: Invalid reset code {"timestamp":"2024-04-10 01:24:11"}
[31merror[39m: Invalid reset code {"timestamp":"2024-04-10 01:24:12"}
[31merror[39m: Invalid reset code {"timestamp":"2024-04-10 01:24:12"}
[31merror[39m: Invalid reset code {"timestamp":"2024-04-10 01:24:15"}
[31merror[39m: Invalid reset code {"timestamp":"2024-04-10 01:24:15"}
[31merror[39m: Invalid reset code {"timestamp":"2024-04-10 01:24:36"}
[31merror[39m: Invalid reset code {"timestamp":"2024-04-10 01:24:36"}
[31merror[39m: Invalid reset code {"timestamp":"2024-04-10 01:24:37"}
[31merror[39m: Invalid reset code {"timestamp":"2024-04-10 01:24:37"}
[31merror[39m: Invalid reset code {"timestamp":"2024-04-10 01:24:38"}
[31merror[39m: Invalid reset code {"timestamp":"2024-04-10 01:24:38"}
[31merror[39m: Invalid reset code {"timestamp":"2024-04-10 01:24:46"}
[31merror[39m: Invalid reset code {"timestamp":"2024-04-10 01:24:46"}
[31merror[39m: Invalid reset code {"timestamp":"2024-04-10 01:24:47"}
[31merror[39m: Invalid reset code {"timestamp":"2024-04-10 01:24:47"}
[31merror[39m: Invalid reset code {"timestamp":"2024-04-10 01:25:19"}
[31merror[39m: Invalid reset code {"timestamp":"2024-04-10 01:25:19"}
[31merror[39m: Invalid reset code {"timestamp":"2024-04-10 01:25:20"}
[31merror[39m: Invalid reset code {"timestamp":"2024-04-10 01:25:20"}
[31merror[39m: Invalid reset code {"timestamp":"2024-04-10 01:25:21"}
[31merror[39m: Invalid reset code {"timestamp":"2024-04-10 01:25:21"}
[31merror[39m: Invalid reset code {"timestamp":"2024-04-10 01:25:35"}
[31merror[39m: Invalid reset code {"timestamp":"2024-04-10 01:25:35"}
[31merror[39m: Invalid reset code {"timestamp":"2024-04-10 01:25:58"}
[31merror[39m: Invalid reset code {"timestamp":"2024-04-10 01:25:58"}
[31merror[39m: Invalid reset code {"timestamp":"2024-04-10 01:26:09"}
[31merror[39m: Invalid reset code {"timestamp":"2024-04-10 01:26:09"}
[31merror[39m: Invalid reset code {"timestamp":"2024-04-10 01:39:30"}
[31merror[39m: Invalid reset code {"timestamp":"2024-04-10 01:39:30"}
[31merror[39m: User 'aa@gmail.com' does not exist {"timestamp":"2024-04-10 01:45:01"}
[31merror[39m: User 'aa@gmail.com' does not exist {"timestamp":"2024-04-10 01:45:01"}
[31merror[39m: User 'aa@gmail.com' does not exist {"timestamp":"2024-04-10 01:45:04"}
[31merror[39m: User 'aa@gmail.com' does not exist {"timestamp":"2024-04-10 01:45:04"}
[31merror[39m: User 'aa@gmail.com' does not exist {"timestamp":"2024-04-10 01:46:21"}
[31merror[39m: User 'aa@gmail.com' does not exist {"timestamp":"2024-04-10 01:46:21"}
[31merror[39m: User 'aa@gmail.com' does not exist {"timestamp":"2024-04-10 01:46:53"}
[31merror[39m: User 'aa@gmail.com' does not exist {"timestamp":"2024-04-10 01:46:53"}
[31merror[39m: Invalid Password {"timestamp":"2024-04-10 01:47:04"}
[31merror[39m: Invalid Password {"timestamp":"2024-04-10 01:47:04"}
[31merror[39m: Cast to ObjectId failed for value "user" (type string) at path "_id" for model "User" {"timestamp":"2024-04-10 01:48:57"}
[31merror[39m: Cast to ObjectId failed for value "user" (type string) at path "_id" for model "User" {"timestamp":"2024-04-10 01:48:57"}
[31merror[39m: Cast to ObjectId failed for value "user" (type string) at path "_id" for model "User" {"timestamp":"2024-04-10 01:49:26"}
[31merror[39m: Cast to ObjectId failed for value "user" (type string) at path "_id" for model "User" {"timestamp":"2024-04-10 01:49:26"}
[31merror[39m: Cast to ObjectId failed for value "user" (type string) at path "_id" for model "User" {"timestamp":"2024-04-10 01:50:20"}
[31merror[39m: Cast to ObjectId failed for value "user" (type string) at path "_id" for model "User" {"timestamp":"2024-04-10 01:50:20"}
[31merror[39m: Cast to ObjectId failed for value "user" (type string) at path "_id" for model "User" {"timestamp":"2024-04-10 01:50:37"}
[31merror[39m: Cast to ObjectId failed for value "user" (type string) at path "_id" for model "User" {"timestamp":"2024-04-10 01:50:37"}
[31merror[39m: Cast to ObjectId failed for value "user" (type string) at path "_id" for model "User" {"timestamp":"2024-04-10 01:50:38"}
[31merror[39m: Cast to ObjectId failed for value "user" (type string) at path "_id" for model "User" {"timestamp":"2024-04-10 01:50:38"}
[31merror[39m: ENOENT: no such file or directory, open '../data/about.txt' {"timestamp":"2024-04-10 03:16:50"}
[31merror[39m: ENOENT: no such file or directory, open '../data/about.txt' {"timestamp":"2024-04-10 03:16:50"}
[31merror[39m: readFileSync is not defined {"timestamp":"2024-04-10 03:27:41"}
[31merror[39m: readFileSync is not defined {"timestamp":"2024-04-10 03:27:41"}
[31merror[39m: path is not defined {"timestamp":"2024-04-10 03:27:52"}
[31merror[39m: path is not defined {"timestamp":"2024-04-10 03:27:52"}
[31merror[39m: __dirname is not defined {"timestamp":"2024-04-10 03:28:03"}
[31merror[39m: __dirname is not defined {"timestamp":"2024-04-10 03:28:03"}
[31merror[39m: The "data" argument must be of type string or an instance of Buffer, TypedArray, or DataView. Received undefined {"timestamp":"2024-04-10 03:34:03"}
[31merror[39m: The "data" argument must be of type string or an instance of Buffer, TypedArray, or DataView. Received undefined {"timestamp":"2024-04-10 03:34:03"}
[31merror[39m: Content missing {"timestamp":"2024-04-10 03:36:23"}
[31merror[39m: Cast to ObjectId failed for value "user" (type string) at path "_id" for model "User" {"timestamp":"2024-04-10 03:37:41"}
[31merror[39m: Cast to ObjectId failed for value "user" (type string) at path "_id" for model "User" {"timestamp":"2024-04-10 03:37:41"}
[31merror[39m: Cast to ObjectId failed for value "user" (type string) at path "_id" for model "User" {"timestamp":"2024-04-10 03:37:56"}
[31merror[39m: Cast to ObjectId failed for value "user" (type string) at path "_id" for model "User" {"timestamp":"2024-04-10 03:37:56"}
[31merror[39m: Cast to ObjectId failed for value "user" (type string) at path "_id" for model "User" {"timestamp":"2024-04-10 03:38:23"}
[31merror[39m: Cast to ObjectId failed for value "user" (type string) at path "_id" for model "User" {"timestamp":"2024-04-10 03:38:23"}
[31merror[39m: Cast to ObjectId failed for value "user" (type string) at path "_id" for model "User" {"timestamp":"2024-04-10 03:38:26"}
[31merror[39m: Cast to ObjectId failed for value "user" (type string) at path "_id" for model "User" {"timestamp":"2024-04-10 03:38:26"}
[31merror[39m: E11000 duplicate key error collection: zainlak.technicians index: email_1 dup key: { email: "ali@gensolv.np" } {"timestamp":"2024-04-10 04:26:20"}
[31merror[39m: E11000 duplicate key error collection: zainlak.technicians index: email_1 dup key: { email: "ali@gensolv.np" } {"timestamp":"2024-04-10 04:26:20"}
[31merror[39m: Reservation validation failed: user: Path `user` is required., technician: Path `technician` is required. {"timestamp":"2024-04-10 04:49:19"}
[31merror[39m: Reservation validation failed: user: Path `user` is required., technician: Path `technician` is required. {"timestamp":"2024-04-10 04:49:19"}
[31merror[39m: Reservation validation failed: user: Path `user` is required., technician: Path `technician` is required. {"timestamp":"2024-04-10 04:49:48"}
[31merror[39m: Reservation validation failed: user: Path `user` is required., technician: Path `technician` is required. {"timestamp":"2024-04-10 04:49:48"}
[31merror[39m: Reservation validation failed: user: Path `user` is required., technician: Path `technician` is required. {"timestamp":"2024-04-10 04:50:02"}
[31merror[39m: Reservation validation failed: user: Path `user` is required., technician: Path `technician` is required. {"timestamp":"2024-04-10 04:50:02"}
[31merror[39m: next is not defined {"timestamp":"2024-04-10 21:25:56"}
[31merror[39m: next is not defined {"timestamp":"2024-04-10 21:25:56"}
[31merror[39m: Profile Image is required {"timestamp":"2024-04-10 21:26:26"}
[31merror[39m: Manager not found {"timestamp":"2024-04-11 06:41:22"}
[31merror[39m: Manager not found {"timestamp":"2024-04-11 06:41:22"}
[31merror[39m: Manager not found {"timestamp":"2024-04-11 06:41:25"}
[31merror[39m: Manager not found {"timestamp":"2024-04-11 06:41:25"}
[31merror[39m: Manager not found {"timestamp":"2024-04-11 06:42:01"}
[31merror[39m: Manager not found {"timestamp":"2024-04-11 06:42:01"}
[31merror[39m: OK is not defined {"timestamp":"2024-04-11 08:23:20"}
[31merror[39m: OK is not defined {"timestamp":"2024-04-11 08:23:20"}
[31merror[39m: Password mismatch {"timestamp":"2024-04-11 08:28:50"}
[31merror[39m: Password mismatch {"timestamp":"2024-04-11 08:28:50"}
[31merror[39m: Content missing {"timestamp":"2024-04-11 08:39:38"}
[31merror[39m: Content missing {"timestamp":"2024-04-11 08:40:43"}
[31merror[39m: Content missing {"timestamp":"2024-04-11 08:41:02"}
[31merror[39m: Content missing {"timestamp":"2024-04-11 08:41:36"}
[31merror[39m: ProductRepository.getcountCount is not a function {"timestamp":"2024-04-11 10:16:36"}
[31merror[39m: ProductRepository.getcountCount is not a function {"timestamp":"2024-04-11 10:16:36"}
[31merror[39m: ProductRepository.getcountCount is not a function {"timestamp":"2024-04-11 10:16:45"}
[31merror[39m: ProductRepository.getcountCount is not a function {"timestamp":"2024-04-11 10:16:45"}
[31merror[39m: ProductRepository.getcountCount is not a function {"timestamp":"2024-04-11 10:16:45"}
[31merror[39m: ProductRepository.getcountCount is not a function {"timestamp":"2024-04-11 10:16:45"}
[31merror[39m: ProductRepository.getcountCount is not a function {"timestamp":"2024-04-11 10:16:47"}
[31merror[39m: ProductRepository.getcountCount is not a function {"timestamp":"2024-04-11 10:16:47"}
[31merror[39m: ProductRepository.getcountCount is not a function {"timestamp":"2024-04-11 10:16:47"}
[31merror[39m: ProductRepository.getcountCount is not a function {"timestamp":"2024-04-11 10:16:47"}
[31merror[39m: ProductRepository.getcountCount is not a function {"timestamp":"2024-04-11 10:17:33"}
[31merror[39m: ProductRepository.getcountCount is not a function {"timestamp":"2024-04-11 10:17:33"}
[31merror[39m: ProductRepository.getcountCount is not a function {"timestamp":"2024-04-11 10:17:33"}
[31merror[39m: ProductRepository.getcountCount is not a function {"timestamp":"2024-04-11 10:17:33"}
[31merror[39m: ProductRepository.getcountCount is not a function {"timestamp":"2024-04-11 10:17:40"}
[31merror[39m: ProductRepository.getcountCount is not a function {"timestamp":"2024-04-11 10:17:40"}
[31merror[39m: ProductRepository.getcountCount is not a function {"timestamp":"2024-04-11 10:17:40"}
[31merror[39m: ProductRepository.getcountCount is not a function {"timestamp":"2024-04-11 10:17:40"}
[31merror[39m: ProductRepository.getcountCount is not a function {"timestamp":"2024-04-11 10:17:48"}
[31merror[39m: ProductRepository.getcountCount is not a function {"timestamp":"2024-04-11 10:17:48"}
[31merror[39m: ProductRepository.getcountCount is not a function {"timestamp":"2024-04-11 10:17:48"}
[31merror[39m: ProductRepository.getcountCount is not a function {"timestamp":"2024-04-11 10:17:48"}
[31merror[39m: Product validation failed: price: Cast to Number failed for value "NaN" (type number) at path "price", quantity: Cast to Number failed for value "NaN" (type number) at path "quantity", image: Path `image` is required. {"timestamp":"2024-04-12 05:26:36"}
[31merror[39m: Product validation failed: price: Cast to Number failed for value "NaN" (type number) at path "price", quantity: Cast to Number failed for value "NaN" (type number) at path "quantity", image: Path `image` is required. {"timestamp":"2024-04-12 05:26:36"}
[31merror[39m: Cast to ObjectId failed for value "undefined" (type string) at path "_id" for model "Product" {"timestamp":"2024-04-12 05:28:42"}
[31merror[39m: Cast to ObjectId failed for value "undefined" (type string) at path "_id" for model "Product" {"timestamp":"2024-04-12 05:28:42"}
[31merror[39m: Cast to ObjectId failed for value "undefined" (type string) at path "_id" for model "Product" {"timestamp":"2024-04-12 05:30:07"}
[31merror[39m: Cast to ObjectId failed for value "undefined" (type string) at path "_id" for model "Product" {"timestamp":"2024-04-12 05:30:07"}
[31merror[39m: Manager not found {"timestamp":"2024-04-12 06:22:13"}
[31merror[39m: Manager not found {"timestamp":"2024-04-12 06:22:13"}
[31merror[39m: You Already Have This Booking {"timestamp":"2024-04-12 07:38:50"}
[31merror[39m: You Already Have This Booking {"timestamp":"2024-04-12 07:38:50"}
[31merror[39m: Please try another time {"timestamp":"2024-04-12 07:39:03"}
[31merror[39m: Please try another time {"timestamp":"2024-04-12 07:39:03"}
[31merror[39m: You Already Have This Booking {"timestamp":"2024-04-12 07:40:34"}
[31merror[39m: You Already Have This Booking {"timestamp":"2024-04-12 07:40:34"}
[31merror[39m: You Already Have This Booking {"timestamp":"2024-04-12 07:41:06"}
[31merror[39m: You Already Have This Booking {"timestamp":"2024-04-12 07:41:06"}
[31merror[39m: You Already Have This Booking {"timestamp":"2024-04-12 07:41:11"}
[31merror[39m: You Already Have This Booking {"timestamp":"2024-04-12 07:41:11"}
[31merror[39m: You Already Have This Booking {"timestamp":"2024-04-16 09:33:33"}
[31merror[39m: You Already Have This Booking {"timestamp":"2024-04-16 09:33:33"}
[31merror[39m: Please try another time {"timestamp":"2024-04-16 09:33:42"}
[31merror[39m: Please try another time {"timestamp":"2024-04-16 09:33:42"}
[31merror[39m: Manager not found {"timestamp":"2024-04-17 12:01:57"}
[31merror[39m: Manager not found {"timestamp":"2024-04-17 12:01:57"}
[31merror[39m: image is not defined {"timestamp":"2024-04-17 12:50:13"}
[31merror[39m: image is not defined {"timestamp":"2024-04-17 12:50:13"}
[31merror[39m: static_absolute_files_host is not defined {"timestamp":"2024-04-17 12:51:14"}
[31merror[39m: static_absolute_files_host is not defined {"timestamp":"2024-04-17 12:51:14"}
[31merror[39m: User 'johndoe@example.com' does not exist {"timestamp":"2024-05-14 19:56:21"}
[31merror[39m: User 'johndoe@example.com' does not exist {"timestamp":"2024-05-14 19:56:21"}
[31merror[39m: User 'johndoe@example.com' does not exist {"timestamp":"2024-05-14 19:57:36"}
[31merror[39m: User 'johndoe@example.com' does not exist {"timestamp":"2024-05-14 19:57:36"}
[31merror[39m: User 'johndoe@example.com' does not exist {"timestamp":"2024-05-14 19:57:37"}
[31merror[39m: User 'johndoe@example.com' does not exist {"timestamp":"2024-05-14 19:57:37"}
[31merror[39m: User 'johndoe@example.com' does not exist {"timestamp":"2024-05-14 19:59:14"}
[31merror[39m: User 'johndoe@example.com' does not exist {"timestamp":"2024-05-14 19:59:14"}
[31merror[39m: User 'johndoe@example.com' does not exist {"timestamp":"2024-05-14 20:10:17"}
[31merror[39m: User 'johndoe@example.com' does not exist {"timestamp":"2024-05-14 20:10:17"}
[31merror[39m: Invalid Password {"timestamp":"2024-05-14 20:11:36"}
[31merror[39m: Invalid Password {"timestamp":"2024-05-14 20:11:36"}
[31merror[39m: Invalid Password {"timestamp":"2024-05-14 20:11:41"}
[31merror[39m: Invalid Password {"timestamp":"2024-05-14 20:11:41"}
[31merror[39m: You Already Have This Booking {"timestamp":"2024-05-21 05:06:27"}
[31merror[39m: You Already Have This Booking {"timestamp":"2024-05-21 05:06:27"}
[31merror[39m: User with email 'alitarek@gmail.com' does not exist {"timestamp":"2024-05-21 05:26:03"}
[31merror[39m: User with email 'alitarek@gmail.com' does not exist {"timestamp":"2024-05-21 05:26:03"}
[31merror[39m: User with email 'alitarek@gmail.com' does not exist {"timestamp":"2024-05-21 05:26:26"}
[31merror[39m: User with email 'alitarek@gmail.com' does not exist {"timestamp":"2024-05-21 05:26:26"}
[31merror[39m: User with email 'alitarek@gmail.com' does not exist {"timestamp":"2024-05-21 05:26:37"}
[31merror[39m: User with email 'alitarek@gmail.com' does not exist {"timestamp":"2024-05-21 05:26:37"}
[31merror[39m: User with email 'alitarek@gmail.com' does not exist {"timestamp":"2024-05-21 05:26:49"}
[31merror[39m: User with email 'alitarek@gmail.com' does not exist {"timestamp":"2024-05-21 05:26:49"}
[31merror[39m: Invalid reset code {"timestamp":"2024-05-21 05:33:01"}
[31merror[39m: Invalid reset code {"timestamp":"2024-05-21 05:33:01"}
[31merror[39m: jwt must be provided {"timestamp":"2024-05-21 05:48:24"}
[31merror[39m: jwt must be provided {"timestamp":"2024-05-21 05:48:24"}
